<?xml version="1.0" encoding="UTF-8"?>
<!-- Generated by org.testng.reporters.JUnitReportReporter -->
<testsuite hostname="DESKTOP-GEGVI44" failures="0" tests="1" name="RunnerTest.TestRunnerClass" time="94.948" errors="0" timestamp="2023-08-02T15:58:53 IST" skipped="0">
  <testcase classname="RunnerTest.TestRunnerClass" name="runScenario" time="94.948"/>
  <system-out/>
</testsuite> <!-- RunnerTest.TestRunnerClass -->
